[     329ms] Error: Hydration failed because the server rendered text didn't match the client. As a result this tree will be regenerated on the client. This can happen if a SSR-ed Client Component used:

- A server/client branch `if (typeof window !== 'undefined')`.
- Variable input such as `Date.now()` or `Math.random()` which changes each time it's called.
- Date formatting in a user's locale which doesn't match the server.
- External changing data without sending a snapshot of it along with the HTML.
- Invalid HTML tag nesting.

It can also happen if the client has a browser extension installed which messes with the HTML before React loaded.

https://react.dev/link/hydration-mismatch

  ...
    <HTTPAccessFallbackErrorBoundary pathname="/case-stud..." notFound={<NotAllowedRootHTTPFallbackError>} ...>
      <RedirectBoundary>
        <RedirectErrorBoundary router={{...}}>
          <Head>
          <__next_root_layout_boundary__>
            <SegmentViewNode type="layout" pagePath="layout.tsx">
              <SegmentTrieNode>
              <link>
              <script>
              <script>
              <script>
              <RootLayout>
                <html lang="en" className="lora_10936...">
                  <head>
                  <body className="font-body ...">
                    <svg>
                    <div>
                    <noscript>
                    <Header>
                      <header className="fixed top-...">
                        <div className="transition...">
                          <div className="mx-auto ma...">
                            <LinkComponent>
                            <nav className="hidden lg:..." onMouseLeave={function handleMouseLeave}>
                              <LinkComponent>
                              <button>
                              <button>
                              <button>
                              <button>
                              <LinkComponent>
                              <LinkComponent href="/try-for-free" className="text-nav b..." ...>
                                <a
+                                 className="text-nav bg-dark text-surface-white rounded-brand-sm px-5 py-2 ml-3 trans..."
-                                 className="text-nav text-copy-mid px-3 py-2 transition-colors hover:text-dark"
                                  ref={function}
                                  onClick={function onClick}
                                  onMouseEnter={function onMouseEnter}
                                  onTouchStart={function onTouchStart}
+                                 href="/try-for-free"
-                                 href="/faq"
                                >
+                                 Try for free
-                                 FAQ
                            ...
                    ...
          ...

    at throwOnHydrationMismatch (http://localhost:3000/_next/static/chunks/node_modules_next_dist_compiled_react-dom_1e674e59._.js:2892:56)
    at prepareToHydrateHostInstance (http://localhost:3000/_next/static/chunks/node_modules_next_dist_compiled_react-dom_1e674e59._.js:2946:23)
    at completeWork (http://localhost:3000/_next/static/chunks/node_modules_next_dist_compiled_react-dom_1e674e59._.js:6330:60)
    at runWithFiberInDEV (http://localhost:3000/_next/static/chunks/node_modules_next_dist_compiled_react-dom_1e674e59._.js:886:74)
    at completeUnitOfWork (http://localhost:3000/_next/static/chunks/node_modules_next_dist_compiled_react-dom_1e674e59._.js:8363:23)
    at performUnitOfWork (http://localhost:3000/_next/static/chunks/node_modules_next_dist_compiled_react-dom_1e674e59._.js:8300:28)
    at workLoopConcurrentByScheduler (http://localhost:3000/_next/static/chunks/node_modules_next_dist_compiled_react-dom_1e674e59._.js:8294:58)
    at renderRootConcurrent (http://localhost:3000/_next/static/chunks/node_modules_next_dist_compiled_react-dom_1e674e59._.js:8276:71)
    at performWorkOnRoot (http://localhost:3000/_next/static/chunks/node_modules_next_dist_compiled_react-dom_1e674e59._.js:7908:176)
    at performWorkOnRootViaSchedulerTask (http://localhost:3000/_next/static/chunks/node_modules_next_dist_compiled_react-dom_1e674e59._.js:8882:9)
    at MessagePort.performWorkUntilDeadline (http://localhost:3000/_next/static/chunks/node_modules_next_dist_compiled_5150ccfd._.js:2601:64)
[     511ms] [ERROR] Failed to load resource: the server responded with a status of 404 (Not Found) @ http://localhost:3000/images/textures/shadow-mask.png:0
[ 1537926ms] [ERROR] Failed to load resource: the server responded with a status of 500 (Internal Server Error) @ http://localhost:3000/case-studies/skyscanner:0
